"pkg-config --exists libffi"
| pkg-config --libs libffi
=> "-lffi\n"
"clang -o conftest -I/usr/local/Cellar/ruby@2.7/2.7.5/include/ruby-2.7.0/x86_64-darwin21 -I/usr/local/Cellar/ruby@2.7/2.7.5/include/ruby-2.7.0/ruby/backward -I/usr/local/Cellar/ruby@2.7/2.7.5/include/ruby-2.7.0 -I.  -I/usr/local/opt/libyaml/include -I/usr/local/opt/openssl@1.1/include -I/usr/local/opt/readline/include -D_XOPEN_SOURCE -D_DARWIN_C_SOURCE -D_DARWIN_UNLIMITED_SELECT -D_REENTRANT   -g -O2 -fno-common -pipe conftest.c  -L. -L/usr/local/Cellar/ruby@2.7/2.7.5/lib -L/usr/local/opt/libyaml/lib -L/usr/local/opt/openssl@1.1/lib -L/usr/local/opt/readline/lib -L. -fstack-protector-strong -L/usr/local/lib -L/usr/local/opt/libyaml/lib -L/usr/local/opt/openssl@1.1/lib -L/usr/local/opt/readline/lib     -lruby.2.7   "
ld: warning: dylib (/usr/local/Cellar/ruby@2.7/2.7.5/lib/libruby.2.7.dylib) was built for newer macOS version (12.0) than being linked (11.3)
checked program was:
/* begin */
1: #include "ruby.h"
2: 
3: int main(int argc, char **argv)
4: {
5:   return !!argv[argc];
6: }
/* end */

"clang -o conftest -I/usr/local/Cellar/ruby@2.7/2.7.5/include/ruby-2.7.0/x86_64-darwin21 -I/usr/local/Cellar/ruby@2.7/2.7.5/include/ruby-2.7.0/ruby/backward -I/usr/local/Cellar/ruby@2.7/2.7.5/include/ruby-2.7.0 -I.  -I/usr/local/opt/libyaml/include -I/usr/local/opt/openssl@1.1/include -I/usr/local/opt/readline/include -D_XOPEN_SOURCE -D_DARWIN_C_SOURCE -D_DARWIN_UNLIMITED_SELECT -D_REENTRANT   -g -O2 -fno-common -pipe conftest.c  -L. -L/usr/local/Cellar/ruby@2.7/2.7.5/lib -L/usr/local/opt/libyaml/lib -L/usr/local/opt/openssl@1.1/lib -L/usr/local/opt/readline/lib -L. -fstack-protector-strong -L/usr/local/lib -L/usr/local/opt/libyaml/lib -L/usr/local/opt/openssl@1.1/lib -L/usr/local/opt/readline/lib     -lruby.2.7 -lffi  "
ld: warning: dylib (/usr/local/Cellar/ruby@2.7/2.7.5/lib/libruby.2.7.dylib) was built for newer macOS version (12.0) than being linked (11.3)
checked program was:
/* begin */
1: #include "ruby.h"
2: 
3: int main(int argc, char **argv)
4: {
5:   return !!argv[argc];
6: }
/* end */

| pkg-config --cflags-only-I libffi
=> "-I/Library/Developer/CommandLineTools/SDKs/MacOSX11.sdk/usr/include/ffi\n"
| pkg-config --cflags-only-other libffi
=> "\n"
| pkg-config --libs-only-l libffi
=> "-lffi\n"
package configuration for libffi
incflags: -I/Library/Developer/CommandLineTools/SDKs/MacOSX11.sdk/usr/include/ffi
cflags: 
ldflags: 
libs: -lffi

have_library: checking for ffi_call() in -lffi... -------------------- no

"clang -o conftest -I/usr/local/Cellar/ruby@2.7/2.7.5/include/ruby-2.7.0/x86_64-darwin21 -I/usr/local/Cellar/ruby@2.7/2.7.5/include/ruby-2.7.0/ruby/backward -I/usr/local/Cellar/ruby@2.7/2.7.5/include/ruby-2.7.0 -I. -I/Library/Developer/CommandLineTools/SDKs/MacOSX11.sdk/usr/include/ffi  -I/usr/local/opt/libyaml/include -I/usr/local/opt/openssl@1.1/include -I/usr/local/opt/readline/include -D_XOPEN_SOURCE -D_DARWIN_C_SOURCE -D_DARWIN_UNLIMITED_SELECT -D_REENTRANT   -g -O2 -fno-common -pipe  conftest.c  -L. -L/usr/local/Cellar/ruby@2.7/2.7.5/lib -L/usr/local/opt/libyaml/lib -L/usr/local/opt/openssl@1.1/lib -L/usr/local/opt/readline/lib -L. -fstack-protector-strong -L/usr/local/lib -L/usr/local/opt/libyaml/lib -L/usr/local/opt/openssl@1.1/lib -L/usr/local/opt/readline/lib      -lffi -lruby.2.7 -lffi  -lffi  "
conftest.c:3:10: fatal error: 'ffi.h' file not found
#include <ffi.h>
         ^~~~~~~
1 error generated.
checked program was:
/* begin */
 1: #include "ruby.h"
 2: 
 3: #include <ffi.h>
 4: 
 5: /*top*/
 6: extern int t(void);
 7: int main(int argc, char **argv)
 8: {
 9:   if (argc > 1000000) {
10:     int (* volatile tp)(void)=(int (*)(void))&t;
11:     printf("%d", (*tp)());
12:   }
13: 
14:   return !!argv[argc];
15: }
16: int t(void) { void ((*volatile p)()); p = (void ((*)()))ffi_call; return !p; }
/* end */

"clang -o conftest -I/usr/local/Cellar/ruby@2.7/2.7.5/include/ruby-2.7.0/x86_64-darwin21 -I/usr/local/Cellar/ruby@2.7/2.7.5/include/ruby-2.7.0/ruby/backward -I/usr/local/Cellar/ruby@2.7/2.7.5/include/ruby-2.7.0 -I. -I/Library/Developer/CommandLineTools/SDKs/MacOSX11.sdk/usr/include/ffi  -I/usr/local/opt/libyaml/include -I/usr/local/opt/openssl@1.1/include -I/usr/local/opt/readline/include -D_XOPEN_SOURCE -D_DARWIN_C_SOURCE -D_DARWIN_UNLIMITED_SELECT -D_REENTRANT   -g -O2 -fno-common -pipe  conftest.c  -L. -L/usr/local/Cellar/ruby@2.7/2.7.5/lib -L/usr/local/opt/libyaml/lib -L/usr/local/opt/openssl@1.1/lib -L/usr/local/opt/readline/lib -L. -fstack-protector-strong -L/usr/local/lib -L/usr/local/opt/libyaml/lib -L/usr/local/opt/openssl@1.1/lib -L/usr/local/opt/readline/lib      -lffi -lruby.2.7 -lffi  -lffi  "
conftest.c:3:10: fatal error: 'ffi.h' file not found
#include <ffi.h>
         ^~~~~~~
1 error generated.
checked program was:
/* begin */
 1: #include "ruby.h"
 2: 
 3: #include <ffi.h>
 4: 
 5: /*top*/
 6: extern int t(void);
 7: int main(int argc, char **argv)
 8: {
 9:   if (argc > 1000000) {
10:     int (* volatile tp)(void)=(int (*)(void))&t;
11:     printf("%d", (*tp)());
12:   }
13: 
14:   return !!argv[argc];
15: }
16: extern void ffi_call();
17: int t(void) { ffi_call(); return 0; }
/* end */

--------------------

have_library: checking for ffi_call() in -llibffi... -------------------- no

"clang -o conftest -I/usr/local/Cellar/ruby@2.7/2.7.5/include/ruby-2.7.0/x86_64-darwin21 -I/usr/local/Cellar/ruby@2.7/2.7.5/include/ruby-2.7.0/ruby/backward -I/usr/local/Cellar/ruby@2.7/2.7.5/include/ruby-2.7.0 -I. -I/Library/Developer/CommandLineTools/SDKs/MacOSX11.sdk/usr/include/ffi  -I/usr/local/opt/libyaml/include -I/usr/local/opt/openssl@1.1/include -I/usr/local/opt/readline/include -D_XOPEN_SOURCE -D_DARWIN_C_SOURCE -D_DARWIN_UNLIMITED_SELECT -D_REENTRANT   -g -O2 -fno-common -pipe  conftest.c  -L. -L/usr/local/Cellar/ruby@2.7/2.7.5/lib -L/usr/local/opt/libyaml/lib -L/usr/local/opt/openssl@1.1/lib -L/usr/local/opt/readline/lib -L. -fstack-protector-strong -L/usr/local/lib -L/usr/local/opt/libyaml/lib -L/usr/local/opt/openssl@1.1/lib -L/usr/local/opt/readline/lib      -lffi -lruby.2.7 -llibffi  -lffi  "
conftest.c:3:10: fatal error: 'ffi.h' file not found
#include <ffi.h>
         ^~~~~~~
1 error generated.
checked program was:
/* begin */
 1: #include "ruby.h"
 2: 
 3: #include <ffi.h>
 4: 
 5: /*top*/
 6: extern int t(void);
 7: int main(int argc, char **argv)
 8: {
 9:   if (argc > 1000000) {
10:     int (* volatile tp)(void)=(int (*)(void))&t;
11:     printf("%d", (*tp)());
12:   }
13: 
14:   return !!argv[argc];
15: }
16: int t(void) { void ((*volatile p)()); p = (void ((*)()))ffi_call; return !p; }
/* end */

"clang -o conftest -I/usr/local/Cellar/ruby@2.7/2.7.5/include/ruby-2.7.0/x86_64-darwin21 -I/usr/local/Cellar/ruby@2.7/2.7.5/include/ruby-2.7.0/ruby/backward -I/usr/local/Cellar/ruby@2.7/2.7.5/include/ruby-2.7.0 -I. -I/Library/Developer/CommandLineTools/SDKs/MacOSX11.sdk/usr/include/ffi  -I/usr/local/opt/libyaml/include -I/usr/local/opt/openssl@1.1/include -I/usr/local/opt/readline/include -D_XOPEN_SOURCE -D_DARWIN_C_SOURCE -D_DARWIN_UNLIMITED_SELECT -D_REENTRANT   -g -O2 -fno-common -pipe  conftest.c  -L. -L/usr/local/Cellar/ruby@2.7/2.7.5/lib -L/usr/local/opt/libyaml/lib -L/usr/local/opt/openssl@1.1/lib -L/usr/local/opt/readline/lib -L. -fstack-protector-strong -L/usr/local/lib -L/usr/local/opt/libyaml/lib -L/usr/local/opt/openssl@1.1/lib -L/usr/local/opt/readline/lib      -lffi -lruby.2.7 -llibffi  -lffi  "
conftest.c:3:10: fatal error: 'ffi.h' file not found
#include <ffi.h>
         ^~~~~~~
1 error generated.
checked program was:
/* begin */
 1: #include "ruby.h"
 2: 
 3: #include <ffi.h>
 4: 
 5: /*top*/
 6: extern int t(void);
 7: int main(int argc, char **argv)
 8: {
 9:   if (argc > 1000000) {
10:     int (* volatile tp)(void)=(int (*)(void))&t;
11:     printf("%d", (*tp)());
12:   }
13: 
14:   return !!argv[argc];
15: }
16: extern void ffi_call();
17: int t(void) { ffi_call(); return 0; }
/* end */

--------------------

have_header: checking for shlwapi.h... -------------------- no

"clang -E -I/usr/local/Cellar/ruby@2.7/2.7.5/include/ruby-2.7.0/x86_64-darwin21 -I/usr/local/Cellar/ruby@2.7/2.7.5/include/ruby-2.7.0/ruby/backward -I/usr/local/Cellar/ruby@2.7/2.7.5/include/ruby-2.7.0 -I. -I/Library/Developer/CommandLineTools/SDKs/MacOSX11.sdk/usr/include/ffi  -I/usr/local/opt/libyaml/include -I/usr/local/opt/openssl@1.1/include -I/usr/local/opt/readline/include -D_XOPEN_SOURCE -D_DARWIN_C_SOURCE -D_DARWIN_UNLIMITED_SELECT -D_REENTRANT   -g -O2 -fno-common -pipe   conftest.c -o conftest.i"
conftest.c:3:10: fatal error: 'shlwapi.h' file not found
#include <shlwapi.h>
         ^~~~~~~~~~~
1 error generated.
checked program was:
/* begin */
1: #include "ruby.h"
2: 
3: #include <shlwapi.h>
/* end */

--------------------

have_func: checking for rb_thread_call_without_gvl()... -------------------- yes

"clang -o conftest -I/usr/local/Cellar/ruby@2.7/2.7.5/include/ruby-2.7.0/x86_64-darwin21 -I/usr/local/Cellar/ruby@2.7/2.7.5/include/ruby-2.7.0/ruby/backward -I/usr/local/Cellar/ruby@2.7/2.7.5/include/ruby-2.7.0 -I. -I/Library/Developer/CommandLineTools/SDKs/MacOSX11.sdk/usr/include/ffi  -I/usr/local/opt/libyaml/include -I/usr/local/opt/openssl@1.1/include -I/usr/local/opt/readline/include -D_XOPEN_SOURCE -D_DARWIN_C_SOURCE -D_DARWIN_UNLIMITED_SELECT -D_REENTRANT   -g -O2 -fno-common -pipe  conftest.c  -L. -L/usr/local/Cellar/ruby@2.7/2.7.5/lib -L/usr/local/opt/libyaml/lib -L/usr/local/opt/openssl@1.1/lib -L/usr/local/opt/readline/lib -L. -fstack-protector-strong -L/usr/local/lib -L/usr/local/opt/libyaml/lib -L/usr/local/opt/openssl@1.1/lib -L/usr/local/opt/readline/lib      -lffi -lruby.2.7  -lffi  "
conftest.c:14:57: error: use of undeclared identifier 'rb_thread_call_without_gvl'
int t(void) { void ((*volatile p)()); p = (void ((*)()))rb_thread_call_without_gvl; return !p; }
                                                        ^
1 error generated.
checked program was:
/* begin */
 1: #include "ruby.h"
 2: 
 3: /*top*/
 4: extern int t(void);
 5: int main(int argc, char **argv)
 6: {
 7:   if (argc > 1000000) {
 8:     int (* volatile tp)(void)=(int (*)(void))&t;
 9:     printf("%d", (*tp)());
10:   }
11: 
12:   return !!argv[argc];
13: }
14: int t(void) { void ((*volatile p)()); p = (void ((*)()))rb_thread_call_without_gvl; return !p; }
/* end */

"clang -o conftest -I/usr/local/Cellar/ruby@2.7/2.7.5/include/ruby-2.7.0/x86_64-darwin21 -I/usr/local/Cellar/ruby@2.7/2.7.5/include/ruby-2.7.0/ruby/backward -I/usr/local/Cellar/ruby@2.7/2.7.5/include/ruby-2.7.0 -I. -I/Library/Developer/CommandLineTools/SDKs/MacOSX11.sdk/usr/include/ffi  -I/usr/local/opt/libyaml/include -I/usr/local/opt/openssl@1.1/include -I/usr/local/opt/readline/include -D_XOPEN_SOURCE -D_DARWIN_C_SOURCE -D_DARWIN_UNLIMITED_SELECT -D_REENTRANT   -g -O2 -fno-common -pipe  conftest.c  -L. -L/usr/local/Cellar/ruby@2.7/2.7.5/lib -L/usr/local/opt/libyaml/lib -L/usr/local/opt/openssl@1.1/lib -L/usr/local/opt/readline/lib -L. -fstack-protector-strong -L/usr/local/lib -L/usr/local/opt/libyaml/lib -L/usr/local/opt/openssl@1.1/lib -L/usr/local/opt/readline/lib      -lffi -lruby.2.7  -lffi  "
ld: warning: dylib (/usr/local/Cellar/ruby@2.7/2.7.5/lib/libruby.2.7.dylib) was built for newer macOS version (12.0) than being linked (11.3)
checked program was:
/* begin */
 1: #include "ruby.h"
 2: 
 3: /*top*/
 4: extern int t(void);
 5: int main(int argc, char **argv)
 6: {
 7:   if (argc > 1000000) {
 8:     int (* volatile tp)(void)=(int (*)(void))&t;
 9:     printf("%d", (*tp)());
10:   }
11: 
12:   return !!argv[argc];
13: }
14: extern void rb_thread_call_without_gvl();
15: int t(void) { rb_thread_call_without_gvl(); return 0; }
/* end */

--------------------

have_func: checking for ruby_native_thread_p()... -------------------- yes

"clang -o conftest -I/usr/local/Cellar/ruby@2.7/2.7.5/include/ruby-2.7.0/x86_64-darwin21 -I/usr/local/Cellar/ruby@2.7/2.7.5/include/ruby-2.7.0/ruby/backward -I/usr/local/Cellar/ruby@2.7/2.7.5/include/ruby-2.7.0 -I. -I/Library/Developer/CommandLineTools/SDKs/MacOSX11.sdk/usr/include/ffi  -I/usr/local/opt/libyaml/include -I/usr/local/opt/openssl@1.1/include -I/usr/local/opt/readline/include -D_XOPEN_SOURCE -D_DARWIN_C_SOURCE -D_DARWIN_UNLIMITED_SELECT -D_REENTRANT   -g -O2 -fno-common -pipe  conftest.c  -L. -L/usr/local/Cellar/ruby@2.7/2.7.5/lib -L/usr/local/opt/libyaml/lib -L/usr/local/opt/openssl@1.1/lib -L/usr/local/opt/readline/lib -L. -fstack-protector-strong -L/usr/local/lib -L/usr/local/opt/libyaml/lib -L/usr/local/opt/openssl@1.1/lib -L/usr/local/opt/readline/lib      -lffi -lruby.2.7  -lffi  "
ld: warning: dylib (/usr/local/Cellar/ruby@2.7/2.7.5/lib/libruby.2.7.dylib) was built for newer macOS version (12.0) than being linked (11.3)
checked program was:
/* begin */
 1: #include "ruby.h"
 2: 
 3: /*top*/
 4: extern int t(void);
 5: int main(int argc, char **argv)
 6: {
 7:   if (argc > 1000000) {
 8:     int (* volatile tp)(void)=(int (*)(void))&t;
 9:     printf("%d", (*tp)());
10:   }
11: 
12:   return !!argv[argc];
13: }
14: int t(void) { void ((*volatile p)()); p = (void ((*)()))ruby_native_thread_p; return !p; }
/* end */

--------------------

have_func: checking for ruby_thread_has_gvl_p()... -------------------- yes

"clang -o conftest -I/usr/local/Cellar/ruby@2.7/2.7.5/include/ruby-2.7.0/x86_64-darwin21 -I/usr/local/Cellar/ruby@2.7/2.7.5/include/ruby-2.7.0/ruby/backward -I/usr/local/Cellar/ruby@2.7/2.7.5/include/ruby-2.7.0 -I. -I/Library/Developer/CommandLineTools/SDKs/MacOSX11.sdk/usr/include/ffi  -I/usr/local/opt/libyaml/include -I/usr/local/opt/openssl@1.1/include -I/usr/local/opt/readline/include -D_XOPEN_SOURCE -D_DARWIN_C_SOURCE -D_DARWIN_UNLIMITED_SELECT -D_REENTRANT   -g -O2 -fno-common -pipe  conftest.c  -L. -L/usr/local/Cellar/ruby@2.7/2.7.5/lib -L/usr/local/opt/libyaml/lib -L/usr/local/opt/openssl@1.1/lib -L/usr/local/opt/readline/lib -L. -fstack-protector-strong -L/usr/local/lib -L/usr/local/opt/libyaml/lib -L/usr/local/opt/openssl@1.1/lib -L/usr/local/opt/readline/lib      -lffi -lruby.2.7  -lffi  "
conftest.c:14:57: error: use of undeclared identifier 'ruby_thread_has_gvl_p'
int t(void) { void ((*volatile p)()); p = (void ((*)()))ruby_thread_has_gvl_p; return !p; }
                                                        ^
1 error generated.
checked program was:
/* begin */
 1: #include "ruby.h"
 2: 
 3: /*top*/
 4: extern int t(void);
 5: int main(int argc, char **argv)
 6: {
 7:   if (argc > 1000000) {
 8:     int (* volatile tp)(void)=(int (*)(void))&t;
 9:     printf("%d", (*tp)());
10:   }
11: 
12:   return !!argv[argc];
13: }
14: int t(void) { void ((*volatile p)()); p = (void ((*)()))ruby_thread_has_gvl_p; return !p; }
/* end */

"clang -o conftest -I/usr/local/Cellar/ruby@2.7/2.7.5/include/ruby-2.7.0/x86_64-darwin21 -I/usr/local/Cellar/ruby@2.7/2.7.5/include/ruby-2.7.0/ruby/backward -I/usr/local/Cellar/ruby@2.7/2.7.5/include/ruby-2.7.0 -I. -I/Library/Developer/CommandLineTools/SDKs/MacOSX11.sdk/usr/include/ffi  -I/usr/local/opt/libyaml/include -I/usr/local/opt/openssl@1.1/include -I/usr/local/opt/readline/include -D_XOPEN_SOURCE -D_DARWIN_C_SOURCE -D_DARWIN_UNLIMITED_SELECT -D_REENTRANT   -g -O2 -fno-common -pipe  conftest.c  -L. -L/usr/local/Cellar/ruby@2.7/2.7.5/lib -L/usr/local/opt/libyaml/lib -L/usr/local/opt/openssl@1.1/lib -L/usr/local/opt/readline/lib -L. -fstack-protector-strong -L/usr/local/lib -L/usr/local/opt/libyaml/lib -L/usr/local/opt/openssl@1.1/lib -L/usr/local/opt/readline/lib      -lffi -lruby.2.7  -lffi  "
ld: warning: dylib (/usr/local/Cellar/ruby@2.7/2.7.5/lib/libruby.2.7.dylib) was built for newer macOS version (12.0) than being linked (11.3)
checked program was:
/* begin */
 1: #include "ruby.h"
 2: 
 3: /*top*/
 4: extern int t(void);
 5: int main(int argc, char **argv)
 6: {
 7:   if (argc > 1000000) {
 8:     int (* volatile tp)(void)=(int (*)(void))&t;
 9:     printf("%d", (*tp)());
10:   }
11: 
12:   return !!argv[argc];
13: }
14: extern void ruby_thread_has_gvl_p();
15: int t(void) { ruby_thread_has_gvl_p(); return 0; }
/* end */

--------------------

extconf.h is:
/* begin */
1: #ifndef EXTCONF_H
2: #define EXTCONF_H
3: #define HAVE_RB_THREAD_CALL_WITHOUT_GVL 1
4: #define HAVE_RUBY_NATIVE_THREAD_P 1
5: #define HAVE_RUBY_THREAD_HAS_GVL_P 1
6: #define HAVE_FFI_PREP_CIF_VAR 1
7: #define USE_INTERNAL_LIBFFI 1
8: #define RUBY_1_9 1
9: #endif
/* end */

